int -> -1
identifier -> 0
; -> -1
int -> -1
identifier -> 1
; -> -1
identifier -> 1
= -> -1
intConst -> 2
; -> -1
array -> -1
( -> -1
int -> -1
, -> -1
identifier -> 0
) -> -1
identifier -> 3
; -> -1
while -> -1
( -> -1
identifier -> 1
< -> -1
identifier -> 0
) -> -1
{ -> -1
read -> -1
( -> -1
identifier -> 3
[ -> -1
identifier -> 1
] -> -1
) -> -1
; -> -1
identifier -> 4
= -> -1
identifier -> 4
+ -> -1
identifier -> 3
; -> -1
identifier -> 1
= -> -1
identifier -> 1
+ -> -1
intConst -> 5
; -> -1
} -> -1
write -> -1
( -> -1
identifier -> 4
) -> -1
; -> -1
