int -> -1
identifier -> 0
; -> -1
int -> -1
identifier -> 1
; -> -1
string -> -1
identifier -> 2
= -> -1
stringConst -> 3
; -> -1
int -> -1
identifier -> 4
; -> -1
read -> -1
( -> -1
identifier -> 0
) -> -1
; -> -1
read -> -1
( -> -1
identifier -> 1
) -> -1
; -> -1
read -> -1
( -> -1
identifier -> 2
) -> -1
; -> -1
if -> -1
( -> -1
identifier -> 0
>= -> -1
identifier -> 1
) -> -1
{ -> -1
identifier -> 4
= -> -1
identifier -> 0
; -> -1
} -> -1
else -> -1
{ -> -1
identifier -> 4
= -> -1
identifier -> 1
; -> -1
} -> -1
if -> -1
( -> -1
identifier -> 0
< -> -1
identifier -> 2
) -> -1
{ -> -1
identifier -> 4
= -> -1
identifier -> 2
; -> -1
} -> -1
return -> -1
identifier -> 4
; -> -1
