int -> -1
identifier -> 0
, -> -1
identifier -> 1
, -> -1
identifier -> 2
; -> -1
read -> -1
( -> -1
identifier -> 0
) -> -1
; -> -1
read -> -1
( -> -1
identifier -> 1
) -> -1
; -> -1
while -> -1
( -> -1
identifier -> 1
> -> -1
intConst -> 3
) -> -1
{ -> -1
identifier -> 2
= -> -1
identifier -> 0
% -> -1
identifier -> 1
; -> -1
identifier -> 0
= -> -1
identifier -> 1
; -> -1
identifier -> 1
= -> -1
identifier -> 2
; -> -1
} -> -1
write -> -1
( -> -1
identifier -> 0
) -> -1
; -> -1
